<?xml version="1.0" encoding="UTF-8"?>
<!-- Generated by org.testng.reporters.JUnitXMLReporter -->
<testsuite ignored="1" hostname="Agams-MacBook-Air.local" failures="0" tests="1" name="Default test" time="84.028" errors="0" timestamp="12 Jan 2019 12:45:05 GMT">
  <testcase classname="com.kasback.webApplication.uiTesting.KasbackOrderSummary" name="verifyOrderSummary" time="83.994"/>
  <testcase classname="com.kasback.webApplication.uiTesting.KasbackOrderSummary" name="verifyOrderStatusAfterUpdateFromAdmin" time="0.0">
    <ignored/>
  </testcase> <!-- verifyOrderStatusAfterUpdateFromAdmin -->
</testsuite> <!-- Default test -->
