<?xml version="1.0" encoding="UTF-8"?>
<!-- Generated by org.testng.reporters.JUnitXMLReporter -->
<testsuite ignored="2" hostname="Agams-MacBook-Air.local" failures="0" tests="1" name="Default test" time="65.229" errors="0" timestamp="12 Jan 2019 09:52:03 GMT">
  <testcase classname="com.kasback.webApplication.uiTesting.KasbackAddNewListing" name="AddNewListing" time="65.19"/>
  <testcase classname="com.kasback.webApplication.uiTesting.KasbackAddNewListing" name="uploadImageInWrongFormat" time="0.0">
    <ignored/>
  </testcase> <!-- uploadImageInWrongFormat -->
  <testcase classname="com.kasback.webApplication.uiTesting.KasbackAddNewListing" name="deleteAProduct" time="0.0">
    <ignored/>
  </testcase> <!-- deleteAProduct -->
</testsuite> <!-- Default test -->
