<?xml version="1.0" encoding="UTF-8"?>
<testng-results ignored="0" total="1" passed="0" failed="1" skipped="0">
  <reporter-output>
    <line>
      <![CDATA[<tr><td></td><td></td><td><font size="1" face="Comic sans MS" color="green"><a href="/Users/AgamAbrol/Downloads/kasback/src/test/resources/snapshots//fb4abf0c-452a-4ce1-b502-1fe061c31491.png"><p align="left">           Tue Jan 08 13:30:17 IST 2019</p>]]>
    </line>
    <line>
      <![CDATA[<p><img width="16" src="/Users/AgamAbrol/Downloads/kasback/src/test/resources/snapshots//fb4abf0c-452a-4ce1-b502-1fe061c31491.png" alt="executed onTue Jan 08 13:30:18 IST 2019"/></p></a></font></td>]]>
    </line>
    <line>
      <![CDATA[<td><font size="2" face="Comic sans MS" color="green"><b>clicked on webelement</b></font></td></tr>]]>
    </line>
    <line>
      <![CDATA[<tr><td></td><td></td><td><font size="1" face="Comic sans MS" color="green"><a href="/Users/AgamAbrol/Downloads/kasback/src/test/resources/snapshots//352f445a-756b-4e01-bc98-ffe407c2d036.png"><p align="left">           Tue Jan 08 13:30:19 IST 2019</p>]]>
    </line>
    <line>
      <![CDATA[<p><img width="16" src="/Users/AgamAbrol/Downloads/kasback/src/test/resources/snapshots//352f445a-756b-4e01-bc98-ffe407c2d036.png" alt="executed onTue Jan 08 13:30:19 IST 2019"/></p></a></font></td>]]>
    </line>
    <line>
      <![CDATA[<td><font size="2" face="Comic sans MS" color="green"><b>clicked on webelement</b></font></td></tr>]]>
    </line>
    <line>
      <![CDATA[<tr><td></td><td></td><td><font size="1" face="Comic sans MS" color="green"><a href="/Users/AgamAbrol/Downloads/kasback/src/test/resources/snapshots//074939fe-9d5d-4be1-a321-4d3fcdd3d629.png"><p align="left">           Tue Jan 08 13:30:21 IST 2019</p>]]>
    </line>
    <line>
      <![CDATA[<p><img width="16" src="/Users/AgamAbrol/Downloads/kasback/src/test/resources/snapshots//074939fe-9d5d-4be1-a321-4d3fcdd3d629.png" alt="executed onTue Jan 08 13:30:21 IST 2019"/></p></a></font></td>]]>
    </line>
    <line>
      <![CDATA[<td><font size="2" face="Comic sans MS" color="green"><b>clicked on webelement</b></font></td></tr>]]>
    </line>
    <line>
      <![CDATA[<tr><td></td><td></td><td><font size="1" face="Comic sans MS" color="green"><a href="/Users/AgamAbrol/Downloads/kasback/src/test/resources/snapshots//db9f0a3d-0821-4c0b-95da-7f7729062a29.png"><p align="left">           Tue Jan 08 13:30:33 IST 2019</p>]]>
    </line>
    <line>
      <![CDATA[<p><img width="16" src="/Users/AgamAbrol/Downloads/kasback/src/test/resources/snapshots//db9f0a3d-0821-4c0b-95da-7f7729062a29.png" alt="executed onTue Jan 08 13:30:33 IST 2019"/></p></a></font></td>]]>
    </line>
    <line>
      <![CDATA[<td><font size="2" face="Comic sans MS" color="green"><b>clicked on webelement</b></font></td></tr>]]>
    </line>
    <line>
      <![CDATA[<tr><td></td><td></td><td><font size="1" face="Comic sans MS" color="green"><a href="/Users/AgamAbrol/Downloads/kasback/src/test/resources/snapshots//fe93cb46-2472-4b87-8c6c-59ef20294690.png"><p align="left">           Tue Jan 08 13:30:34 IST 2019</p>]]>
    </line>
    <line>
      <![CDATA[<p><img width="16" src="/Users/AgamAbrol/Downloads/kasback/src/test/resources/snapshots//fe93cb46-2472-4b87-8c6c-59ef20294690.png" alt="executed onTue Jan 08 13:30:34 IST 2019"/></p></a></font></td>]]>
    </line>
    <line>
      <![CDATA[<td><font size="2" face="Comic sans MS" color="green"><b>clicked on webelement</b></font></td></tr>]]>
    </line>
    <line>
      <![CDATA[<tr><td></td><td></td><td><font size="1" face="Comic sans MS" color="green"><a href="/Users/AgamAbrol/Downloads/kasback/src/test/resources/snapshots//b8e995a5-0d5e-419b-a2e8-a5c8beeff4f0.png"><p align="left">           Tue Jan 08 13:30:36 IST 2019</p>]]>
    </line>
    <line>
      <![CDATA[<p><img width="16" src="/Users/AgamAbrol/Downloads/kasback/src/test/resources/snapshots//b8e995a5-0d5e-419b-a2e8-a5c8beeff4f0.png" alt="executed onTue Jan 08 13:30:36 IST 2019"/></p></a></font></td>]]>
    </line>
    <line>
      <![CDATA[<td><font size="2" face="Comic sans MS" color="green"><b>clicked on webelement</b></font></td></tr>]]>
    </line>
    <line>
      <![CDATA[<tr><td></td><td></td><td><font size="1" face="Comic sans MS" color="green"><a href="/Users/AgamAbrol/Downloads/kasback/src/test/resources/snapshots//20b30e3c-769c-4453-8cc7-aa8084d1c19c.png"><p align="left">           Tue Jan 08 13:30:40 IST 2019</p>]]>
    </line>
    <line>
      <![CDATA[<p><img width="16" src="/Users/AgamAbrol/Downloads/kasback/src/test/resources/snapshots//20b30e3c-769c-4453-8cc7-aa8084d1c19c.png" alt="executed onTue Jan 08 13:30:40 IST 2019"/></p></a></font></td>]]>
    </line>
    <line>
      <![CDATA[<td><font size="2" face="Comic sans MS" color="green"><b>clicked on webelement</b></font></td></tr>]]>
    </line>
    <line>
      <![CDATA[<tr><td></td><td></td><td><font size="1" face="Comic sans MS" color="green"><a href="/Users/AgamAbrol/Downloads/kasback/src/test/resources/snapshots//7a68e087-5a01-42bc-905b-097ab953478f.png"><p align="left">           Tue Jan 08 13:30:42 IST 2019</p>]]>
    </line>
    <line>
      <![CDATA[<p><img width="16" src="/Users/AgamAbrol/Downloads/kasback/src/test/resources/snapshots//7a68e087-5a01-42bc-905b-097ab953478f.png" alt="executed onTue Jan 08 13:30:42 IST 2019"/></p></a></font></td>]]>
    </line>
    <line>
      <![CDATA[<td><font size="2" face="Comic sans MS" color="green"><b>clicked on webelement</b></font></td></tr>]]>
    </line>
    <line>
      <![CDATA[<tr><td></td><td></td><td><font size="1" face="Comic sans MS" color="green"><a href="/Users/AgamAbrol/Downloads/kasback/src/test/resources/snapshots//cb0e6eb5-710f-4eb5-b0c2-1fe14f3fa547.png"><p align="left">           Tue Jan 08 13:30:43 IST 2019</p>]]>
    </line>
    <line>
      <![CDATA[<p><img width="16" src="/Users/AgamAbrol/Downloads/kasback/src/test/resources/snapshots//cb0e6eb5-710f-4eb5-b0c2-1fe14f3fa547.png" alt="executed onTue Jan 08 13:30:43 IST 2019"/></p></a></font></td>]]>
    </line>
    <line>
      <![CDATA[<td><font size="2" face="Comic sans MS" color="green"><b>clicked on webelement</b></font></td></tr>]]>
    </line>
    <line>
      <![CDATA[<tr><td></td><td></td><td><font size="1" face="Comic sans MS" color="green"><a href="/Users/AgamAbrol/Downloads/kasback/src/test/resources/snapshots//dd20259b-18bc-442d-831a-9c37189f4f73.png"><p align="left">           Tue Jan 08 13:30:44 IST 2019</p>]]>
    </line>
    <line>
      <![CDATA[<p><img width="16" src="/Users/AgamAbrol/Downloads/kasback/src/test/resources/snapshots//dd20259b-18bc-442d-831a-9c37189f4f73.png" alt="executed onTue Jan 08 13:30:44 IST 2019"/></p></a></font></td>]]>
    </line>
    <line>
      <![CDATA[<td><font size="2" face="Comic sans MS" color="green"><b>clicked on webelement</b></font></td></tr>]]>
    </line>
    <line>
      <![CDATA[<tr><td></td><td></td><td><font size="1" face="Comic sans MS" color="green"><a href="/Users/AgamAbrol/Downloads/kasback/src/test/resources/snapshots//f92553be-d58f-4dee-b9f3-7d7f62d69c72.png"><p align="left">           Tue Jan 08 13:30:48 IST 2019</p>]]>
    </line>
    <line>
      <![CDATA[<p><img width="16" src="/Users/AgamAbrol/Downloads/kasback/src/test/resources/snapshots//f92553be-d58f-4dee-b9f3-7d7f62d69c72.png" alt="executed onTue Jan 08 13:30:48 IST 2019"/></p></a></font></td>]]>
    </line>
    <line>
      <![CDATA[<td><font size="2" face="Comic sans MS" color="green"><b>clicked on webelement</b></font></td></tr>]]>
    </line>
    <line>
      <![CDATA[<tr><td></td><td></td><td><font size="1" face="Comic sans MS" color="green"><a href="/Users/AgamAbrol/Downloads/kasback/src/test/resources/snapshots//102a6386-a235-4a29-a2c6-c51f39d2183a.png"><p align="left">           Tue Jan 08 13:30:59 IST 2019</p>]]>
    </line>
    <line>
      <![CDATA[<p><img width="16" src="/Users/AgamAbrol/Downloads/kasback/src/test/resources/snapshots//102a6386-a235-4a29-a2c6-c51f39d2183a.png" alt="executed onTue Jan 08 13:30:59 IST 2019"/></p></a></font></td>]]>
    </line>
    <line>
      <![CDATA[<td><font size="2" face="Comic sans MS" color="green"><b>clicked on webelement</b></font></td></tr>]]>
    </line>
  </reporter-output>
  <suite started-at="2019-01-08T07:59:57Z" name="Default suite" finished-at="2019-01-08T08:01:09Z" duration-ms="72177">
    <groups>
    </groups>
    <test started-at="2019-01-08T07:59:57Z" name="Default test" finished-at="2019-01-08T08:01:09Z" duration-ms="72177">
      <class name="com.kasback.webApplication.uiTesting.KasbackOrderSummary">
        <test-method is-config="true" signature="beforesuite(java.lang.String, java.lang.String)[pri:0, instance:com.kasback.webApplication.uiTesting.KasbackOrderSummary@5524cca1]" started-at="2019-01-08T13:29:54Z" name="beforesuite" finished-at="2019-01-08T13:29:57Z" duration-ms="2768" status="PASS">
          <params>
            <param index="0">
              <value>
                <![CDATA[test]]>
              </value>
            </param>
            <param index="1">
              <value>
                <![CDATA[chrome]]>
              </value>
            </param>
          </params>
          <reporter-output>
          </reporter-output>
        </test-method> <!-- beforesuite -->
        <test-method signature="verifyOrderSummary()[pri:0, instance:com.kasback.webApplication.uiTesting.KasbackOrderSummary@5524cca1]" started-at="2019-01-08T13:29:57Z" name="verifyOrderSummary" finished-at="2019-01-08T13:31:09Z" duration-ms="71900" status="FAIL">
          <exception class="java.lang.ArrayIndexOutOfBoundsException">
            <message>
              <![CDATA[0]]>
            </message>
            <full-stacktrace>
              <![CDATA[java.lang.ArrayIndexOutOfBoundsException: 0
	at com.kasback.abstestbase.AbstractPage.getWebElement(AbstractPage.java:254)
	at com.kasback.abstestbase.AbstractPage.getWebElementText(AbstractPage.java:275)
	at com.kasback.pages.KasbackOrderSummaryPage.verifyOrderDetails(KasbackOrderSummaryPage.java:45)
	at com.kasback.webApplication.uiTesting.KasbackOrderSummary.verifyOrderSummary(KasbackOrderSummary.java:37)
	at java.base/jdk.internal.reflect.NativeMethodAccessorImpl.invoke0(Native Method)
	at java.base/jdk.internal.reflect.NativeMethodAccessorImpl.invoke(NativeMethodAccessorImpl.java:62)
	at java.base/jdk.internal.reflect.DelegatingMethodAccessorImpl.invoke(DelegatingMethodAccessorImpl.java:43)
	at java.base/java.lang.reflect.Method.invoke(Method.java:564)
	at org.testng.internal.MethodInvocationHelper.invokeMethod(MethodInvocationHelper.java:108)
	at org.testng.internal.Invoker.invokeMethod(Invoker.java:661)
	at org.testng.internal.Invoker.invokeTestMethod(Invoker.java:869)
	at org.testng.internal.Invoker.invokeTestMethods(Invoker.java:1193)
	at org.testng.internal.TestMethodWorker.invokeTestMethods(TestMethodWorker.java:126)
	at org.testng.internal.TestMethodWorker.run(TestMethodWorker.java:109)
	at org.testng.TestRunner.privateRun(TestRunner.java:744)
	at org.testng.TestRunner.run(TestRunner.java:602)
	at org.testng.SuiteRunner.runTest(SuiteRunner.java:380)
	at org.testng.SuiteRunner.runSequentially(SuiteRunner.java:375)
	at org.testng.SuiteRunner.privateRun(SuiteRunner.java:340)
	at org.testng.SuiteRunner.run(SuiteRunner.java:289)
	at org.testng.SuiteRunnerWorker.runSuite(SuiteRunnerWorker.java:52)
	at org.testng.SuiteRunnerWorker.run(SuiteRunnerWorker.java:86)
	at org.testng.TestNG.runSuitesSequentially(TestNG.java:1301)
	at org.testng.TestNG.runSuitesLocally(TestNG.java:1226)
	at org.testng.TestNG.runSuites(TestNG.java:1144)
	at org.testng.TestNG.run(TestNG.java:1115)
	at org.testng.remote.AbstractRemoteTestNG.run(AbstractRemoteTestNG.java:114)
	at org.testng.remote.RemoteTestNG.initAndRun(RemoteTestNG.java:251)
	at org.testng.remote.RemoteTestNG.main(RemoteTestNG.java:77)
]]>
            </full-stacktrace>
          </exception> <!-- java.lang.ArrayIndexOutOfBoundsException -->
          <reporter-output>
            <line>
              <![CDATA[<tr><td></td><td></td><td><font size="1" face="Comic sans MS" color="green"><a href="/Users/AgamAbrol/Downloads/kasback/src/test/resources/snapshots//fb4abf0c-452a-4ce1-b502-1fe061c31491.png"><p align="left">           Tue Jan 08 13:30:17 IST 2019</p>]]>
            </line>
            <line>
              <![CDATA[<p><img width="16" src="/Users/AgamAbrol/Downloads/kasback/src/test/resources/snapshots//fb4abf0c-452a-4ce1-b502-1fe061c31491.png" alt="executed onTue Jan 08 13:30:18 IST 2019"/></p></a></font></td>]]>
            </line>
            <line>
              <![CDATA[<td><font size="2" face="Comic sans MS" color="green"><b>clicked on webelement</b></font></td></tr>]]>
            </line>
            <line>
              <![CDATA[<tr><td></td><td></td><td><font size="1" face="Comic sans MS" color="green"><a href="/Users/AgamAbrol/Downloads/kasback/src/test/resources/snapshots//352f445a-756b-4e01-bc98-ffe407c2d036.png"><p align="left">           Tue Jan 08 13:30:19 IST 2019</p>]]>
            </line>
            <line>
              <![CDATA[<p><img width="16" src="/Users/AgamAbrol/Downloads/kasback/src/test/resources/snapshots//352f445a-756b-4e01-bc98-ffe407c2d036.png" alt="executed onTue Jan 08 13:30:19 IST 2019"/></p></a></font></td>]]>
            </line>
            <line>
              <![CDATA[<td><font size="2" face="Comic sans MS" color="green"><b>clicked on webelement</b></font></td></tr>]]>
            </line>
            <line>
              <![CDATA[<tr><td></td><td></td><td><font size="1" face="Comic sans MS" color="green"><a href="/Users/AgamAbrol/Downloads/kasback/src/test/resources/snapshots//074939fe-9d5d-4be1-a321-4d3fcdd3d629.png"><p align="left">           Tue Jan 08 13:30:21 IST 2019</p>]]>
            </line>
            <line>
              <![CDATA[<p><img width="16" src="/Users/AgamAbrol/Downloads/kasback/src/test/resources/snapshots//074939fe-9d5d-4be1-a321-4d3fcdd3d629.png" alt="executed onTue Jan 08 13:30:21 IST 2019"/></p></a></font></td>]]>
            </line>
            <line>
              <![CDATA[<td><font size="2" face="Comic sans MS" color="green"><b>clicked on webelement</b></font></td></tr>]]>
            </line>
            <line>
              <![CDATA[<tr><td></td><td></td><td><font size="1" face="Comic sans MS" color="green"><a href="/Users/AgamAbrol/Downloads/kasback/src/test/resources/snapshots//db9f0a3d-0821-4c0b-95da-7f7729062a29.png"><p align="left">           Tue Jan 08 13:30:33 IST 2019</p>]]>
            </line>
            <line>
              <![CDATA[<p><img width="16" src="/Users/AgamAbrol/Downloads/kasback/src/test/resources/snapshots//db9f0a3d-0821-4c0b-95da-7f7729062a29.png" alt="executed onTue Jan 08 13:30:33 IST 2019"/></p></a></font></td>]]>
            </line>
            <line>
              <![CDATA[<td><font size="2" face="Comic sans MS" color="green"><b>clicked on webelement</b></font></td></tr>]]>
            </line>
            <line>
              <![CDATA[<tr><td></td><td></td><td><font size="1" face="Comic sans MS" color="green"><a href="/Users/AgamAbrol/Downloads/kasback/src/test/resources/snapshots//fe93cb46-2472-4b87-8c6c-59ef20294690.png"><p align="left">           Tue Jan 08 13:30:34 IST 2019</p>]]>
            </line>
            <line>
              <![CDATA[<p><img width="16" src="/Users/AgamAbrol/Downloads/kasback/src/test/resources/snapshots//fe93cb46-2472-4b87-8c6c-59ef20294690.png" alt="executed onTue Jan 08 13:30:34 IST 2019"/></p></a></font></td>]]>
            </line>
            <line>
              <![CDATA[<td><font size="2" face="Comic sans MS" color="green"><b>clicked on webelement</b></font></td></tr>]]>
            </line>
            <line>
              <![CDATA[<tr><td></td><td></td><td><font size="1" face="Comic sans MS" color="green"><a href="/Users/AgamAbrol/Downloads/kasback/src/test/resources/snapshots//b8e995a5-0d5e-419b-a2e8-a5c8beeff4f0.png"><p align="left">           Tue Jan 08 13:30:36 IST 2019</p>]]>
            </line>
            <line>
              <![CDATA[<p><img width="16" src="/Users/AgamAbrol/Downloads/kasback/src/test/resources/snapshots//b8e995a5-0d5e-419b-a2e8-a5c8beeff4f0.png" alt="executed onTue Jan 08 13:30:36 IST 2019"/></p></a></font></td>]]>
            </line>
            <line>
              <![CDATA[<td><font size="2" face="Comic sans MS" color="green"><b>clicked on webelement</b></font></td></tr>]]>
            </line>
            <line>
              <![CDATA[<tr><td></td><td></td><td><font size="1" face="Comic sans MS" color="green"><a href="/Users/AgamAbrol/Downloads/kasback/src/test/resources/snapshots//20b30e3c-769c-4453-8cc7-aa8084d1c19c.png"><p align="left">           Tue Jan 08 13:30:40 IST 2019</p>]]>
            </line>
            <line>
              <![CDATA[<p><img width="16" src="/Users/AgamAbrol/Downloads/kasback/src/test/resources/snapshots//20b30e3c-769c-4453-8cc7-aa8084d1c19c.png" alt="executed onTue Jan 08 13:30:40 IST 2019"/></p></a></font></td>]]>
            </line>
            <line>
              <![CDATA[<td><font size="2" face="Comic sans MS" color="green"><b>clicked on webelement</b></font></td></tr>]]>
            </line>
            <line>
              <![CDATA[<tr><td></td><td></td><td><font size="1" face="Comic sans MS" color="green"><a href="/Users/AgamAbrol/Downloads/kasback/src/test/resources/snapshots//7a68e087-5a01-42bc-905b-097ab953478f.png"><p align="left">           Tue Jan 08 13:30:42 IST 2019</p>]]>
            </line>
            <line>
              <![CDATA[<p><img width="16" src="/Users/AgamAbrol/Downloads/kasback/src/test/resources/snapshots//7a68e087-5a01-42bc-905b-097ab953478f.png" alt="executed onTue Jan 08 13:30:42 IST 2019"/></p></a></font></td>]]>
            </line>
            <line>
              <![CDATA[<td><font size="2" face="Comic sans MS" color="green"><b>clicked on webelement</b></font></td></tr>]]>
            </line>
            <line>
              <![CDATA[<tr><td></td><td></td><td><font size="1" face="Comic sans MS" color="green"><a href="/Users/AgamAbrol/Downloads/kasback/src/test/resources/snapshots//cb0e6eb5-710f-4eb5-b0c2-1fe14f3fa547.png"><p align="left">           Tue Jan 08 13:30:43 IST 2019</p>]]>
            </line>
            <line>
              <![CDATA[<p><img width="16" src="/Users/AgamAbrol/Downloads/kasback/src/test/resources/snapshots//cb0e6eb5-710f-4eb5-b0c2-1fe14f3fa547.png" alt="executed onTue Jan 08 13:30:43 IST 2019"/></p></a></font></td>]]>
            </line>
            <line>
              <![CDATA[<td><font size="2" face="Comic sans MS" color="green"><b>clicked on webelement</b></font></td></tr>]]>
            </line>
            <line>
              <![CDATA[<tr><td></td><td></td><td><font size="1" face="Comic sans MS" color="green"><a href="/Users/AgamAbrol/Downloads/kasback/src/test/resources/snapshots//dd20259b-18bc-442d-831a-9c37189f4f73.png"><p align="left">           Tue Jan 08 13:30:44 IST 2019</p>]]>
            </line>
            <line>
              <![CDATA[<p><img width="16" src="/Users/AgamAbrol/Downloads/kasback/src/test/resources/snapshots//dd20259b-18bc-442d-831a-9c37189f4f73.png" alt="executed onTue Jan 08 13:30:44 IST 2019"/></p></a></font></td>]]>
            </line>
            <line>
              <![CDATA[<td><font size="2" face="Comic sans MS" color="green"><b>clicked on webelement</b></font></td></tr>]]>
            </line>
            <line>
              <![CDATA[<tr><td></td><td></td><td><font size="1" face="Comic sans MS" color="green"><a href="/Users/AgamAbrol/Downloads/kasback/src/test/resources/snapshots//f92553be-d58f-4dee-b9f3-7d7f62d69c72.png"><p align="left">           Tue Jan 08 13:30:48 IST 2019</p>]]>
            </line>
            <line>
              <![CDATA[<p><img width="16" src="/Users/AgamAbrol/Downloads/kasback/src/test/resources/snapshots//f92553be-d58f-4dee-b9f3-7d7f62d69c72.png" alt="executed onTue Jan 08 13:30:48 IST 2019"/></p></a></font></td>]]>
            </line>
            <line>
              <![CDATA[<td><font size="2" face="Comic sans MS" color="green"><b>clicked on webelement</b></font></td></tr>]]>
            </line>
            <line>
              <![CDATA[<tr><td></td><td></td><td><font size="1" face="Comic sans MS" color="green"><a href="/Users/AgamAbrol/Downloads/kasback/src/test/resources/snapshots//102a6386-a235-4a29-a2c6-c51f39d2183a.png"><p align="left">           Tue Jan 08 13:30:59 IST 2019</p>]]>
            </line>
            <line>
              <![CDATA[<p><img width="16" src="/Users/AgamAbrol/Downloads/kasback/src/test/resources/snapshots//102a6386-a235-4a29-a2c6-c51f39d2183a.png" alt="executed onTue Jan 08 13:30:59 IST 2019"/></p></a></font></td>]]>
            </line>
            <line>
              <![CDATA[<td><font size="2" face="Comic sans MS" color="green"><b>clicked on webelement</b></font></td></tr>]]>
            </line>
          </reporter-output>
        </test-method> <!-- verifyOrderSummary -->
        <test-method is-config="true" signature="afterClass()[pri:0, instance:com.kasback.webApplication.uiTesting.KasbackOrderSummary@5524cca1]" started-at="2019-01-08T13:31:09Z" name="afterClass" finished-at="2019-01-08T13:31:09Z" duration-ms="235" status="PASS">
          <reporter-output>
          </reporter-output>
        </test-method> <!-- afterClass -->
      </class> <!-- com.kasback.webApplication.uiTesting.KasbackOrderSummary -->
    </test> <!-- Default test -->
  </suite> <!-- Default suite -->
</testng-results>
