<?xml version="1.0" encoding="UTF-8"?>
<testng-results ignored="1" total="2" passed="1" failed="0" skipped="0">
  <reporter-output>
    <line>
      <![CDATA[<tr><td></td><td></td><td><font size="1" face="Comic sans MS" color="green"><a href="/Users/AgamAbrol/Downloads/kasback/src/test/resources/snapshots//123c91ed-5afd-4029-a9af-cfa45272ecad.png"><p align="left">           Sat Jan 12 18:13:54 IST 2019</p>]]>
    </line>
    <line>
      <![CDATA[<p><img width="16" src="/Users/AgamAbrol/Downloads/kasback/src/test/resources/snapshots//123c91ed-5afd-4029-a9af-cfa45272ecad.png" alt="executed onSat Jan 12 18:13:54 IST 2019"/></p></a></font></td>]]>
    </line>
    <line>
      <![CDATA[<td><font size="2" face="Comic sans MS" color="green"><b>clicked on webelement</b></font></td></tr>]]>
    </line>
    <line>
      <![CDATA[<tr><td></td><td></td><td><font size="1" face="Comic sans MS" color="green"><a href="/Users/AgamAbrol/Downloads/kasback/src/test/resources/snapshots//580001c0-87a4-4c0f-befe-02cd1d3e08fb.png"><p align="left">           Sat Jan 12 18:13:56 IST 2019</p>]]>
    </line>
    <line>
      <![CDATA[<p><img width="16" src="/Users/AgamAbrol/Downloads/kasback/src/test/resources/snapshots//580001c0-87a4-4c0f-befe-02cd1d3e08fb.png" alt="executed onSat Jan 12 18:13:56 IST 2019"/></p></a></font></td>]]>
    </line>
    <line>
      <![CDATA[<td><font size="2" face="Comic sans MS" color="green"><b>clicked on webelement</b></font></td></tr>]]>
    </line>
    <line>
      <![CDATA[<tr><td></td><td></td><td><font size="1" face="Comic sans MS" color="green"><a href="/Users/AgamAbrol/Downloads/kasback/src/test/resources/snapshots//ba95b380-9dc3-4c55-8aa4-f27f492cca4a.png"><p align="left">           Sat Jan 12 18:14:07 IST 2019</p>]]>
    </line>
    <line>
      <![CDATA[<p><img width="16" src="/Users/AgamAbrol/Downloads/kasback/src/test/resources/snapshots//ba95b380-9dc3-4c55-8aa4-f27f492cca4a.png" alt="executed onSat Jan 12 18:14:07 IST 2019"/></p></a></font></td>]]>
    </line>
    <line>
      <![CDATA[<td><font size="2" face="Comic sans MS" color="green"><b>clicked on webelement</b></font></td></tr>]]>
    </line>
    <line>
      <![CDATA[<tr><td></td><td></td><td><font size="1" face="Comic sans MS" color="green"><a href="/Users/AgamAbrol/Downloads/kasback/src/test/resources/snapshots//e2f30508-969d-4ee4-a494-94c766ac2dbb.png"><p align="left">           Sat Jan 12 18:14:19 IST 2019</p>]]>
    </line>
    <line>
      <![CDATA[<p><img width="16" src="/Users/AgamAbrol/Downloads/kasback/src/test/resources/snapshots//e2f30508-969d-4ee4-a494-94c766ac2dbb.png" alt="executed onSat Jan 12 18:14:19 IST 2019"/></p></a></font></td>]]>
    </line>
    <line>
      <![CDATA[<td><font size="2" face="Comic sans MS" color="green"><b>clicked on webelement</b></font></td></tr>]]>
    </line>
    <line>
      <![CDATA[<tr><td></td><td></td><td><font size="1" face="Comic sans MS" color="green"><a href="/Users/AgamAbrol/Downloads/kasback/src/test/resources/snapshots//1b5492fd-7713-49d3-9053-7f9f58d85e74.png"><p align="left">           Sat Jan 12 18:14:20 IST 2019</p>]]>
    </line>
    <line>
      <![CDATA[<p><img width="16" src="/Users/AgamAbrol/Downloads/kasback/src/test/resources/snapshots//1b5492fd-7713-49d3-9053-7f9f58d85e74.png" alt="executed onSat Jan 12 18:14:20 IST 2019"/></p></a></font></td>]]>
    </line>
    <line>
      <![CDATA[<td><font size="2" face="Comic sans MS" color="green"><b>clicked on webelement</b></font></td></tr>]]>
    </line>
    <line>
      <![CDATA[<tr><td></td><td></td><td><font size="1" face="Comic sans MS" color="green"><a href="/Users/AgamAbrol/Downloads/kasback/src/test/resources/snapshots//1dd3cf0d-19fb-433a-b4ce-474b9c200310.png"><p align="left">           Sat Jan 12 18:14:23 IST 2019</p>]]>
    </line>
    <line>
      <![CDATA[<p><img width="16" src="/Users/AgamAbrol/Downloads/kasback/src/test/resources/snapshots//1dd3cf0d-19fb-433a-b4ce-474b9c200310.png" alt="executed onSat Jan 12 18:14:23 IST 2019"/></p></a></font></td>]]>
    </line>
    <line>
      <![CDATA[<td><font size="2" face="Comic sans MS" color="green"><b>clicked on webelement</b></font></td></tr>]]>
    </line>
    <line>
      <![CDATA[<tr><td></td><td></td><td><font size="1" face="Comic sans MS" color="green"><a href="/Users/AgamAbrol/Downloads/kasback/src/test/resources/snapshots//0ce259cf-0976-47d7-8a9c-c07849c93cfe.png"><p align="left">           Sat Jan 12 18:14:26 IST 2019</p>]]>
    </line>
    <line>
      <![CDATA[<p><img width="16" src="/Users/AgamAbrol/Downloads/kasback/src/test/resources/snapshots//0ce259cf-0976-47d7-8a9c-c07849c93cfe.png" alt="executed onSat Jan 12 18:14:26 IST 2019"/></p></a></font></td>]]>
    </line>
    <line>
      <![CDATA[<td><font size="2" face="Comic sans MS" color="green"><b>clicked on webelement</b></font></td></tr>]]>
    </line>
    <line>
      <![CDATA[<tr><td></td><td></td><td><font size="1" face="Comic sans MS" color="green"><a href="/Users/AgamAbrol/Downloads/kasback/src/test/resources/snapshots//2e81fa2a-02da-4562-8d9c-a7807181a5f6.png"><p align="left">           Sat Jan 12 18:14:29 IST 2019</p>]]>
    </line>
    <line>
      <![CDATA[<p><img width="16" src="/Users/AgamAbrol/Downloads/kasback/src/test/resources/snapshots//2e81fa2a-02da-4562-8d9c-a7807181a5f6.png" alt="executed onSat Jan 12 18:14:29 IST 2019"/></p></a></font></td>]]>
    </line>
    <line>
      <![CDATA[<td><font size="2" face="Comic sans MS" color="green"><b>clicked on webelement</b></font></td></tr>]]>
    </line>
    <line>
      <![CDATA[<tr><td></td><td></td><td><font size="1" face="Comic sans MS" color="green"><a href="/Users/AgamAbrol/Downloads/kasback/src/test/resources/snapshots//3d6df8fe-b819-482c-98d6-1efcdba0f2d4.png"><p align="left">           Sat Jan 12 18:14:30 IST 2019</p>]]>
    </line>
    <line>
      <![CDATA[<p><img width="16" src="/Users/AgamAbrol/Downloads/kasback/src/test/resources/snapshots//3d6df8fe-b819-482c-98d6-1efcdba0f2d4.png" alt="executed onSat Jan 12 18:14:30 IST 2019"/></p></a></font></td>]]>
    </line>
    <line>
      <![CDATA[<td><font size="2" face="Comic sans MS" color="green"><b>clicked on webelement</b></font></td></tr>]]>
    </line>
    <line>
      <![CDATA[<tr><td></td><td></td><td><font size="1" face="Comic sans MS" color="green"><a href="/Users/AgamAbrol/Downloads/kasback/src/test/resources/snapshots//0eeded28-02af-40aa-8f04-47e40156723c.png"><p align="left">           Sat Jan 12 18:14:31 IST 2019</p>]]>
    </line>
    <line>
      <![CDATA[<p><img width="16" src="/Users/AgamAbrol/Downloads/kasback/src/test/resources/snapshots//0eeded28-02af-40aa-8f04-47e40156723c.png" alt="executed onSat Jan 12 18:14:31 IST 2019"/></p></a></font></td>]]>
    </line>
    <line>
      <![CDATA[<td><font size="2" face="Comic sans MS" color="green"><b>clicked on webelement</b></font></td></tr>]]>
    </line>
    <line>
      <![CDATA[<tr><td></td><td></td><td><font size="1" face="Comic sans MS" color="green"><a href="/Users/AgamAbrol/Downloads/kasback/src/test/resources/snapshots//65494aaa-567e-4a11-97d8-035d5778c362.png"><p align="left">           Sat Jan 12 18:14:34 IST 2019</p>]]>
    </line>
    <line>
      <![CDATA[<p><img width="16" src="/Users/AgamAbrol/Downloads/kasback/src/test/resources/snapshots//65494aaa-567e-4a11-97d8-035d5778c362.png" alt="executed onSat Jan 12 18:14:34 IST 2019"/></p></a></font></td>]]>
    </line>
    <line>
      <![CDATA[<td><font size="2" face="Comic sans MS" color="green"><b>clicked on webelement</b></font></td></tr>]]>
    </line>
    <line>
      <![CDATA[<tr><td></td><td></td><td><font size="1" face="Comic sans MS" color="green"><a href="/Users/AgamAbrol/Downloads/kasback/src/test/resources/snapshots//28a1d366-28b5-4e37-8035-93ea7165b0be.png"><p align="left">           Sat Jan 12 18:14:45 IST 2019</p>]]>
    </line>
    <line>
      <![CDATA[<p><img width="16" src="/Users/AgamAbrol/Downloads/kasback/src/test/resources/snapshots//28a1d366-28b5-4e37-8035-93ea7165b0be.png" alt="executed onSat Jan 12 18:14:45 IST 2019"/></p></a></font></td>]]>
    </line>
    <line>
      <![CDATA[<td><font size="2" face="Comic sans MS" color="green"><b>clicked on webelement</b></font></td></tr>]]>
    </line>
    <line>
      <![CDATA[<tr><td></td><td></td><td><font size="1" face="Comic sans MS" color="green"><a href="/Users/AgamAbrol/Downloads/kasback/src/test/resources/snapshots//d2b82bfe-ca38-41c1-be15-906099cbe1ef.png"><p align="left">           Sat Jan 12 18:14:56 IST 2019</p>]]>
    </line>
    <line>
      <![CDATA[<p><img width="16" src="/Users/AgamAbrol/Downloads/kasback/src/test/resources/snapshots//d2b82bfe-ca38-41c1-be15-906099cbe1ef.png" alt="executed onSat Jan 12 18:14:56 IST 2019"/></p></a></font></td>]]>
    </line>
    <line>
      <![CDATA[<td><font size="2" face="Comic sans MS" color="green"><b>clicked on webelement</b></font></td></tr>]]>
    </line>
    <line>
      <![CDATA[<tr><td></td><td></td><td><font size="1" face="Comic sans MS" color="green"><a href="/Users/AgamAbrol/Downloads/kasback/src/test/resources/snapshots//ed141f3a-223b-4ea8-ae3c-fc063aa2e3ce.png"><p align="left">           Sat Jan 12 18:15:00 IST 2019</p>]]>
    </line>
    <line>
      <![CDATA[<p><img width="16" src="/Users/AgamAbrol/Downloads/kasback/src/test/resources/snapshots//ed141f3a-223b-4ea8-ae3c-fc063aa2e3ce.png" alt="executed onSat Jan 12 18:15:00 IST 2019"/></p></a></font></td>]]>
    </line>
    <line>
      <![CDATA[<td><font size="2" face="Comic sans MS" color="green"><b>clicked on webelement</b></font></td></tr>]]>
    </line>
  </reporter-output>
  <suite started-at="2019-01-12T12:43:36Z" name="Default suite" finished-at="2019-01-12T12:45:00Z" duration-ms="84028">
    <groups>
    </groups>
    <test started-at="2019-01-12T12:43:36Z" name="Default test" finished-at="2019-01-12T12:45:00Z" duration-ms="84028">
      <class name="com.kasback.webApplication.uiTesting.KasbackOrderSummary">
        <test-method is-config="true" signature="beforesuite(java.lang.String, java.lang.String)[pri:0, instance:com.kasback.webApplication.uiTesting.KasbackOrderSummary@413d1baf]" started-at="2019-01-12T18:13:34Z" name="beforesuite" finished-at="2019-01-12T18:13:36Z" duration-ms="2490" status="PASS">
          <params>
            <param index="0">
              <value>
                <![CDATA[test]]>
              </value>
            </param>
            <param index="1">
              <value>
                <![CDATA[chrome]]>
              </value>
            </param>
          </params>
          <reporter-output>
          </reporter-output>
        </test-method> <!-- beforesuite -->
        <test-method signature="verifyOrderSummary()[pri:0, instance:com.kasback.webApplication.uiTesting.KasbackOrderSummary@413d1baf]" started-at="2019-01-12T18:13:36Z" name="verifyOrderSummary" finished-at="2019-01-12T18:15:00Z" duration-ms="83994" status="PASS">
          <reporter-output>
            <line>
              <![CDATA[<tr><td></td><td></td><td><font size="1" face="Comic sans MS" color="green"><a href="/Users/AgamAbrol/Downloads/kasback/src/test/resources/snapshots//123c91ed-5afd-4029-a9af-cfa45272ecad.png"><p align="left">           Sat Jan 12 18:13:54 IST 2019</p>]]>
            </line>
            <line>
              <![CDATA[<p><img width="16" src="/Users/AgamAbrol/Downloads/kasback/src/test/resources/snapshots//123c91ed-5afd-4029-a9af-cfa45272ecad.png" alt="executed onSat Jan 12 18:13:54 IST 2019"/></p></a></font></td>]]>
            </line>
            <line>
              <![CDATA[<td><font size="2" face="Comic sans MS" color="green"><b>clicked on webelement</b></font></td></tr>]]>
            </line>
            <line>
              <![CDATA[<tr><td></td><td></td><td><font size="1" face="Comic sans MS" color="green"><a href="/Users/AgamAbrol/Downloads/kasback/src/test/resources/snapshots//580001c0-87a4-4c0f-befe-02cd1d3e08fb.png"><p align="left">           Sat Jan 12 18:13:56 IST 2019</p>]]>
            </line>
            <line>
              <![CDATA[<p><img width="16" src="/Users/AgamAbrol/Downloads/kasback/src/test/resources/snapshots//580001c0-87a4-4c0f-befe-02cd1d3e08fb.png" alt="executed onSat Jan 12 18:13:56 IST 2019"/></p></a></font></td>]]>
            </line>
            <line>
              <![CDATA[<td><font size="2" face="Comic sans MS" color="green"><b>clicked on webelement</b></font></td></tr>]]>
            </line>
            <line>
              <![CDATA[<tr><td></td><td></td><td><font size="1" face="Comic sans MS" color="green"><a href="/Users/AgamAbrol/Downloads/kasback/src/test/resources/snapshots//ba95b380-9dc3-4c55-8aa4-f27f492cca4a.png"><p align="left">           Sat Jan 12 18:14:07 IST 2019</p>]]>
            </line>
            <line>
              <![CDATA[<p><img width="16" src="/Users/AgamAbrol/Downloads/kasback/src/test/resources/snapshots//ba95b380-9dc3-4c55-8aa4-f27f492cca4a.png" alt="executed onSat Jan 12 18:14:07 IST 2019"/></p></a></font></td>]]>
            </line>
            <line>
              <![CDATA[<td><font size="2" face="Comic sans MS" color="green"><b>clicked on webelement</b></font></td></tr>]]>
            </line>
            <line>
              <![CDATA[<tr><td></td><td></td><td><font size="1" face="Comic sans MS" color="green"><a href="/Users/AgamAbrol/Downloads/kasback/src/test/resources/snapshots//e2f30508-969d-4ee4-a494-94c766ac2dbb.png"><p align="left">           Sat Jan 12 18:14:19 IST 2019</p>]]>
            </line>
            <line>
              <![CDATA[<p><img width="16" src="/Users/AgamAbrol/Downloads/kasback/src/test/resources/snapshots//e2f30508-969d-4ee4-a494-94c766ac2dbb.png" alt="executed onSat Jan 12 18:14:19 IST 2019"/></p></a></font></td>]]>
            </line>
            <line>
              <![CDATA[<td><font size="2" face="Comic sans MS" color="green"><b>clicked on webelement</b></font></td></tr>]]>
            </line>
            <line>
              <![CDATA[<tr><td></td><td></td><td><font size="1" face="Comic sans MS" color="green"><a href="/Users/AgamAbrol/Downloads/kasback/src/test/resources/snapshots//1b5492fd-7713-49d3-9053-7f9f58d85e74.png"><p align="left">           Sat Jan 12 18:14:20 IST 2019</p>]]>
            </line>
            <line>
              <![CDATA[<p><img width="16" src="/Users/AgamAbrol/Downloads/kasback/src/test/resources/snapshots//1b5492fd-7713-49d3-9053-7f9f58d85e74.png" alt="executed onSat Jan 12 18:14:20 IST 2019"/></p></a></font></td>]]>
            </line>
            <line>
              <![CDATA[<td><font size="2" face="Comic sans MS" color="green"><b>clicked on webelement</b></font></td></tr>]]>
            </line>
            <line>
              <![CDATA[<tr><td></td><td></td><td><font size="1" face="Comic sans MS" color="green"><a href="/Users/AgamAbrol/Downloads/kasback/src/test/resources/snapshots//1dd3cf0d-19fb-433a-b4ce-474b9c200310.png"><p align="left">           Sat Jan 12 18:14:23 IST 2019</p>]]>
            </line>
            <line>
              <![CDATA[<p><img width="16" src="/Users/AgamAbrol/Downloads/kasback/src/test/resources/snapshots//1dd3cf0d-19fb-433a-b4ce-474b9c200310.png" alt="executed onSat Jan 12 18:14:23 IST 2019"/></p></a></font></td>]]>
            </line>
            <line>
              <![CDATA[<td><font size="2" face="Comic sans MS" color="green"><b>clicked on webelement</b></font></td></tr>]]>
            </line>
            <line>
              <![CDATA[<tr><td></td><td></td><td><font size="1" face="Comic sans MS" color="green"><a href="/Users/AgamAbrol/Downloads/kasback/src/test/resources/snapshots//0ce259cf-0976-47d7-8a9c-c07849c93cfe.png"><p align="left">           Sat Jan 12 18:14:26 IST 2019</p>]]>
            </line>
            <line>
              <![CDATA[<p><img width="16" src="/Users/AgamAbrol/Downloads/kasback/src/test/resources/snapshots//0ce259cf-0976-47d7-8a9c-c07849c93cfe.png" alt="executed onSat Jan 12 18:14:26 IST 2019"/></p></a></font></td>]]>
            </line>
            <line>
              <![CDATA[<td><font size="2" face="Comic sans MS" color="green"><b>clicked on webelement</b></font></td></tr>]]>
            </line>
            <line>
              <![CDATA[<tr><td></td><td></td><td><font size="1" face="Comic sans MS" color="green"><a href="/Users/AgamAbrol/Downloads/kasback/src/test/resources/snapshots//2e81fa2a-02da-4562-8d9c-a7807181a5f6.png"><p align="left">           Sat Jan 12 18:14:29 IST 2019</p>]]>
            </line>
            <line>
              <![CDATA[<p><img width="16" src="/Users/AgamAbrol/Downloads/kasback/src/test/resources/snapshots//2e81fa2a-02da-4562-8d9c-a7807181a5f6.png" alt="executed onSat Jan 12 18:14:29 IST 2019"/></p></a></font></td>]]>
            </line>
            <line>
              <![CDATA[<td><font size="2" face="Comic sans MS" color="green"><b>clicked on webelement</b></font></td></tr>]]>
            </line>
            <line>
              <![CDATA[<tr><td></td><td></td><td><font size="1" face="Comic sans MS" color="green"><a href="/Users/AgamAbrol/Downloads/kasback/src/test/resources/snapshots//3d6df8fe-b819-482c-98d6-1efcdba0f2d4.png"><p align="left">           Sat Jan 12 18:14:30 IST 2019</p>]]>
            </line>
            <line>
              <![CDATA[<p><img width="16" src="/Users/AgamAbrol/Downloads/kasback/src/test/resources/snapshots//3d6df8fe-b819-482c-98d6-1efcdba0f2d4.png" alt="executed onSat Jan 12 18:14:30 IST 2019"/></p></a></font></td>]]>
            </line>
            <line>
              <![CDATA[<td><font size="2" face="Comic sans MS" color="green"><b>clicked on webelement</b></font></td></tr>]]>
            </line>
            <line>
              <![CDATA[<tr><td></td><td></td><td><font size="1" face="Comic sans MS" color="green"><a href="/Users/AgamAbrol/Downloads/kasback/src/test/resources/snapshots//0eeded28-02af-40aa-8f04-47e40156723c.png"><p align="left">           Sat Jan 12 18:14:31 IST 2019</p>]]>
            </line>
            <line>
              <![CDATA[<p><img width="16" src="/Users/AgamAbrol/Downloads/kasback/src/test/resources/snapshots//0eeded28-02af-40aa-8f04-47e40156723c.png" alt="executed onSat Jan 12 18:14:31 IST 2019"/></p></a></font></td>]]>
            </line>
            <line>
              <![CDATA[<td><font size="2" face="Comic sans MS" color="green"><b>clicked on webelement</b></font></td></tr>]]>
            </line>
            <line>
              <![CDATA[<tr><td></td><td></td><td><font size="1" face="Comic sans MS" color="green"><a href="/Users/AgamAbrol/Downloads/kasback/src/test/resources/snapshots//65494aaa-567e-4a11-97d8-035d5778c362.png"><p align="left">           Sat Jan 12 18:14:34 IST 2019</p>]]>
            </line>
            <line>
              <![CDATA[<p><img width="16" src="/Users/AgamAbrol/Downloads/kasback/src/test/resources/snapshots//65494aaa-567e-4a11-97d8-035d5778c362.png" alt="executed onSat Jan 12 18:14:34 IST 2019"/></p></a></font></td>]]>
            </line>
            <line>
              <![CDATA[<td><font size="2" face="Comic sans MS" color="green"><b>clicked on webelement</b></font></td></tr>]]>
            </line>
            <line>
              <![CDATA[<tr><td></td><td></td><td><font size="1" face="Comic sans MS" color="green"><a href="/Users/AgamAbrol/Downloads/kasback/src/test/resources/snapshots//28a1d366-28b5-4e37-8035-93ea7165b0be.png"><p align="left">           Sat Jan 12 18:14:45 IST 2019</p>]]>
            </line>
            <line>
              <![CDATA[<p><img width="16" src="/Users/AgamAbrol/Downloads/kasback/src/test/resources/snapshots//28a1d366-28b5-4e37-8035-93ea7165b0be.png" alt="executed onSat Jan 12 18:14:45 IST 2019"/></p></a></font></td>]]>
            </line>
            <line>
              <![CDATA[<td><font size="2" face="Comic sans MS" color="green"><b>clicked on webelement</b></font></td></tr>]]>
            </line>
            <line>
              <![CDATA[<tr><td></td><td></td><td><font size="1" face="Comic sans MS" color="green"><a href="/Users/AgamAbrol/Downloads/kasback/src/test/resources/snapshots//d2b82bfe-ca38-41c1-be15-906099cbe1ef.png"><p align="left">           Sat Jan 12 18:14:56 IST 2019</p>]]>
            </line>
            <line>
              <![CDATA[<p><img width="16" src="/Users/AgamAbrol/Downloads/kasback/src/test/resources/snapshots//d2b82bfe-ca38-41c1-be15-906099cbe1ef.png" alt="executed onSat Jan 12 18:14:56 IST 2019"/></p></a></font></td>]]>
            </line>
            <line>
              <![CDATA[<td><font size="2" face="Comic sans MS" color="green"><b>clicked on webelement</b></font></td></tr>]]>
            </line>
            <line>
              <![CDATA[<tr><td></td><td></td><td><font size="1" face="Comic sans MS" color="green"><a href="/Users/AgamAbrol/Downloads/kasback/src/test/resources/snapshots//ed141f3a-223b-4ea8-ae3c-fc063aa2e3ce.png"><p align="left">           Sat Jan 12 18:15:00 IST 2019</p>]]>
            </line>
            <line>
              <![CDATA[<p><img width="16" src="/Users/AgamAbrol/Downloads/kasback/src/test/resources/snapshots//ed141f3a-223b-4ea8-ae3c-fc063aa2e3ce.png" alt="executed onSat Jan 12 18:15:00 IST 2019"/></p></a></font></td>]]>
            </line>
            <line>
              <![CDATA[<td><font size="2" face="Comic sans MS" color="green"><b>clicked on webelement</b></font></td></tr>]]>
            </line>
          </reporter-output>
        </test-method> <!-- verifyOrderSummary -->
      </class> <!-- com.kasback.webApplication.uiTesting.KasbackOrderSummary -->
    </test> <!-- Default test -->
  </suite> <!-- Default suite -->
</testng-results>
